<?xml version="1.0" encoding="UTF-8"?>
<!-- Generated by org.testng.reporters.JUnitXMLReporter -->
<testsuite ignored="0" hostname="LAPTOP-PBHQ1AJE" failures="0" tests="5" name="Default test" time="21.679" errors="0" timestamp="2020-09-10T22:17:13 IST">
  <testcase classname="com.promiseLog.qa.TestCase.Promise_Log_TestCases" name="clickonLoginbtnTest" time="0.389"/>
  <testcase classname="com.promiseLog.qa.TestCase.Promise_Log_TestCases" name="loginToSite" time="1.386"/>
  <testcase classname="com.promiseLog.qa.TestCase.Promise_Log_TestCases" name="addPromiseTest" time="2.514"/>
  <testcase classname="com.promiseLog.qa.TestCase.Promise_Log_TestCases" name="searchPromiseAddTest" time="1.264"/>
  <testcase classname="com.promiseLog.qa.TestCase.Promise_Log_TestCases" name="clickOnLogoutTest" time="0.734"/>
</testsuite> <!-- Default test -->
